Topic dados-sensores is not available during auto-create initialization
=== PIPELINE DE ESTRESSE ASSÍNCRONO: KAFKA ECOSYSTEM ===

🚀 Iniciando cenário de teste com 20 ESP32 simulados...
📊 Fim do cenário. Latência Média: 31.32ms | Throughput: 4.00 msg/s | Perda: 0.00%
⏳ Aguardando 5 segundos para estabilização do Broker antes do próximo cenário...

🚀 Iniciando cenário de teste com 100 ESP32 simulados...
📊 Fim do cenário. Latência Média: 9.10ms | Throughput: 20.00 msg/s | Perda: 0.00%
⏳ Aguardando 5 segundos para estabilização do Broker antes do próximo cenário...

🚀 Iniciando cenário de teste com 200 ESP32 simulados...
📊 Fim do cenário. Latência Média: 13.80ms | Throughput: 40.00 msg/s | Perda: 0.00%
⏳ Aguardando 5 segundos para estabilização do Broker antes do próximo cenário...

🚀 Iniciando cenário de teste com 300 ESP32 simulados...
📊 Fim do cenário. Latência Média: 25.05ms | Throughput: 60.00 msg/s | Perda: 0.00%
⏳ Aguardando 5 segundos para estabilização do Broker antes do próximo cenário...

🚀 Iniciando cenário de teste com 400 ESP32 simulados...
📊 Fim do cenário. Latência Média: 24.15ms | Throughput: 80.00 msg/s | Perda: 0.00%
⏳ Aguardando 5 segundos para estabilização do Broker antes do próximo cenário...

🚀 Iniciando cenário de teste com 500 ESP32 simulados...
📊 Fim do cenário. Latência Média: 19.44ms | Throughput: 100.00 msg/s | Perda: 0.00%
⏳ Aguardando 5 segundos para estabilização do Broker antes do próximo cenário...

🚀 Iniciando cenário de teste com 1000 ESP32 simulados...
📊 Fim do cenário. Latência Média: 38.37ms | Throughput: 200.00 msg/s | Perda: 0.00%
⏳ Aguardando 5 segundos para estabilização do Broker antes do próximo cenário...

🚀 Iniciando cenário de teste com 2000 ESP32 simulados...
📊 Fim do cenário. Latência Média: 91.85ms | Throughput: 400.00 msg/s | Perda: 0.00%
⏳ Aguardando 5 segundos para estabilização do Broker antes do próximo cenário...

🚀 Iniciando cenário de teste com 3000 ESP32 simulados...
📊 Fim do cenário. Latência Média: 173.09ms | Throughput: 600.00 msg/s | Perda: 0.00%
⏳ Aguardando 5 segundos para estabilização do Broker antes do próximo cenário...

🚀 Iniciando cenário de teste com 5000 ESP32 simulados...
📊 Fim do cenário. Latência Média: 466.17ms | Throughput: 1000.00 msg/s | Perda: 0.00%
⏳ Aguardando 5 segundos para estabilização do Broker antes do próximo cenário...
💾 [SUCESSO] Gráfico 1 salvo como 'grafico_1_throughput_esp32.png'
💾 [SUCESSO] Gráfico 2 salvo como 'grafico_2_latencia_kafka.png'
💾 [SUCESSO] Gráfico 3 salvo como 'grafico_3_perda_dados.png'

🎉 Todos os três gráficos foram gerados isoladamente e salvos com sucesso!
